<?xml version="1.0" encoding="UTF-8"?>
<testsuite xmlns:xsi="http://www.w3.org/2001/XMLSchema-instance" xsi:noNamespaceSchemaLocation="https://maven.apache.org/surefire/maven-surefire-plugin/xsd/surefire-test-report-3.0.xsd" version="3.0" name="challenge_backend.integration.controller.PasswordControllerIntegrationTest" time="0.479" tests="7" errors="0" skipped="0" failures="0">
  <properties>
[...]
</properties>
  <testcase name="shouldReturnBadRequestForShortPassword" classname="challenge_backend.integration.controller.PasswordControllerIntegrationTest" time="0.197">
    <system-out><![CDATA[2024-10-23T15:38:35.254-03:00  INFO 67905 --- [challenge-backend] [           main] t.c.s.AnnotationConfigContextLoaderUtils : Could not detect default configuration classes for test class [challenge_backend.integration.controller.PasswordControllerIntegrationTest]: PasswordControllerIntegrationTest does not declare any static, non-private, non-final, nested classes annotated with @Configuration.
2024-10-23T15:38:35.270-03:00  INFO 67905 --- [challenge-backend] [           main] .b.t.c.SpringBootTestContextBootstrapper : Found @SpringBootConfiguration challenge_backend.ChallengeBackendApplication for test class challenge_backend.integration.controller.PasswordControllerIntegrationTest

  .   ____          _            __ _ _
 /\\ / ___'_ __ _ _(_)_ __  __ _ \ \ \ \
( ( )\___ | '_ | '_| | '_ \/ _` | \ \ \ \
 \\/  ___)| |_)| | | | | || (_| |  ) ) ) )
  '  |____| .__|_| |_|_| |_\__, | / / / /
 =========|_|==============|___/=/_/_/_/

 :: Spring Boot ::                (v3.3.4)

2024-10-23T15:38:35.288-03:00  INFO 67905 --- [challenge-backend] [           main] c.i.c.PasswordControllerIntegrationTest  : Starting PasswordControllerIntegrationTest using Java 21.0.2 with PID 67905 (started by willypassos in /Users/willypassos/Documents/desafio/backend-challenge)
2024-10-23T15:38:35.288-03:00  INFO 67905 --- [challenge-backend] [           main] c.i.c.PasswordControllerIntegrationTest  : No active profile set, falling back to 1 default profile: "default"
2024-10-23T15:38:35.494-03:00  INFO 67905 --- [challenge-backend] [           main] o.s.b.t.m.w.SpringBootMockServletContext : Initializing Spring TestDispatcherServlet ''
2024-10-23T15:38:35.494-03:00  INFO 67905 --- [challenge-backend] [           main] o.s.t.web.servlet.TestDispatcherServlet  : Initializing Servlet ''
2024-10-23T15:38:35.495-03:00  INFO 67905 --- [challenge-backend] [           main] o.s.t.web.servlet.TestDispatcherServlet  : Completed initialization in 1 ms
2024-10-23T15:38:35.501-03:00  INFO 67905 --- [challenge-backend] [           main] c.i.c.PasswordControllerIntegrationTest  : Started PasswordControllerIntegrationTest in 0.228 seconds (process running for 4.241)
]]></system-out>
  </testcase>
  <testcase name="shouldReturnBadRequestForPasswordWithoutLowerCase" classname="challenge_backend.integration.controller.PasswordControllerIntegrationTest" time="0.005"/>
  <testcase name="shouldReturnBadRequestForPasswordWithRepeatedCharacters" classname="challenge_backend.integration.controller.PasswordControllerIntegrationTest" time="0.004"/>
  <testcase name="shouldReturnOkForValidPassword" classname="challenge_backend.integration.controller.PasswordControllerIntegrationTest" time="0.009"/>
  <testcase name="shouldReturnBadRequestForPasswordWithoutUpperCase" classname="challenge_backend.integration.controller.PasswordControllerIntegrationTest" time="0.003"/>
  <testcase name="shouldReturnBadRequestForPasswordWithoutDigit" classname="challenge_backend.integration.controller.PasswordControllerIntegrationTest" time="0.003"/>
  <testcase name="shouldReturnBadRequestForPasswordWithoutSpecialCharacter" classname="challenge_backend.integration.controller.PasswordControllerIntegrationTest" time="0.002"/>
</testsuite>